<?xml version="1.0" encoding="UTF-8"?>
<testng-results ignored="0" total="1" passed="1" failed="0" skipped="0">
  <reporter-output>
  </reporter-output>
  <suite started-at="2025-03-25T16:53:21 IST" name="Coursera Scraper Suite" finished-at="2025-03-25T16:55:41 IST" duration-ms="139971">
    <groups>
    </groups>
    <test started-at="2025-03-25T16:53:21 IST" name="Course Ratings Test" finished-at="2025-03-25T16:55:41 IST" duration-ms="139971">
      <class name="testcases.IdentifyCoursesTest">
        <test-method is-config="true" signature="setUp()[pri:0, instance:testcases.IdentifyCoursesTest@694abbdc]" started-at="2025-03-25T16:53:21 IST" name="setUp" finished-at="2025-03-25T16:53:37 IST" duration-ms="16752" status="PASS">
          <reporter-output>
          </reporter-output>
        </test-method> <!-- setUp -->
        <test-method signature="testScrapeCourseRatings()[pri:0, instance:testcases.IdentifyCoursesTest@694abbdc]" started-at="2025-03-25T16:53:37 IST" name="testScrapeCourseRatings" finished-at="2025-03-25T16:55:40 IST" duration-ms="123014" status="PASS">
          <reporter-output>
          </reporter-output>
        </test-method> <!-- testScrapeCourseRatings -->
        <test-method is-config="true" signature="tearDown()[pri:0, instance:testcases.IdentifyCoursesTest@694abbdc]" started-at="2025-03-25T16:55:40 IST" name="tearDown" finished-at="2025-03-25T16:55:41 IST" duration-ms="193" status="PASS">
          <reporter-output>
          </reporter-output>
        </test-method> <!-- tearDown -->
      </class> <!-- testcases.IdentifyCoursesTest -->
    </test> <!-- Course Ratings Test -->
  </suite> <!-- Coursera Scraper Suite -->
</testng-results>
